2015-07-29 19:04:29,079 Interrupted while
2015-07-29 19:13:17,524 Send worker
2015-07-29 19:13:24,282 Connection broken
2015-07-29 19:13:27,721 Connection broken
2015-07-29 19:13:34,382 Interrupted while
2015-07-29 19:13:37,626 Send worker
2015-07-29 19:13:44,301 Send worker
2015-07-29 19:13:47,731 Connection broken
2015-07-29 19:13:54,399 Connection broken
2015-07-29 19:14:04,406 Interrupted while
2015-07-29 19:14:07,559 Interrupting SendWorker
2015-07-29 19:14:07,653 Send worker
2015-07-29 19:14:24,329 Interrupting SendWorker
2015-07-29 19:14:37,585 Interrupted while
2015-07-29 19:14:47,593 Interrupting SendWorker
2015-07-29 19:14:54,354 Send worker
2015-07-29 19:15:24,476 Interrupted while
2015-07-29 19:15:37,647 Interrupting SendWorker
2015-07-29 19:15:37,648 Send worker
2015-07-29 19:15:54,407 Interrupted while
2015-07-29 19:16:04,412 Interrupted while
2015-07-29 19:16:04,414 Interrupted while
2015-07-29 19:16:07,659 Interrupting SendWorker
2015-07-29 19:16:14,520 Interrupted while
2015-07-29 19:16:24,348 Connection broken
2015-07-29 19:16:27,865 Interrupted while
2015-07-29 19:16:27,865 Send worker
2015-07-29 19:16:34,433 Connection broken
2015-07-29 19:16:57,707 Interrupted while
2015-07-29 19:17:17,721 Interrupted while
2015-07-29 19:17:17,921 Interrupted while
2015-07-29 19:17:24,471 Connection broken
2015-07-29 19:17:24,477 Interrupted while
2015-07-29 19:17:57,741 Interrupted while
2015-07-29 19:17:57,955 Interrupting SendWorker
2015-07-29 19:18:04,430 Interrupted while
2015-07-29 19:18:07,748 Interrupting SendWorker
2015-07-29 19:18:07,756 Interrupting SendWorker
2015-07-29 19:18:14,839 Interrupted while
2015-07-29 19:18:34,635 Interrupted while
2015-07-29 19:18:37,770 Send worker
2015-07-29 19:18:47,785 Interrupting SendWorker
2015-07-29 19:18:54,534 Interrupting SendWorker
2015-07-29 19:18:54,534 Interrupted while
2015-07-29 19:18:57,988 Interrupting SendWorker
2015-07-29 19:21:36,607 Interrupted while
2015-07-29 19:21:39,846 Connection broken
2015-07-29 19:21:39,846 Interrupting SendWorker
2015-07-29 19:21:43,389 Interrupting SendWorker
2015-07-29 19:21:46,525 Connection broken
2015-07-29 19:21:46,537 Send worker
2015-07-29 19:21:53,209 Send worker
2015-07-29 19:21:53,220 Interrupting SendWorker
2015-07-29 19:21:53,410 Interrupted while
2015-07-29 19:21:53,412 Interrupted while
2015-07-29 19:21:53,414 Interrupting SendWorker
2015-07-29 19:21:56,644 Send worker
2015-07-29 19:21:56,756 Interrupting SendWorker
2015-07-29 19:21:59,997 Send worker
2015-07-29 19:22:03,337 Interrupting SendWorker
2015-07-29 19:22:03,439 Send worker
2015-07-29 19:22:10,020 Connection broken
2015-07-29 19:22:13,256 Interrupted while
2015-07-29 19:22:13,257 Interrupted while
2015-07-29 19:22:16,799 Interrupting SendWorker
2015-07-29 19:22:23,289 Send worker
2015-07-29 19:22:23,378 Interrupted while
2015-07-29 19:22:23,379 Send worker
2015-07-29 19:22:26,618 Interrupted while
2015-07-29 19:22:26,634 Interrupted while
2015-07-29 19:22:26,734 Interrupting SendWorker
2015-07-29 19:22:26,829 Interrupting SendWorker
2015-07-29 19:22:29,975 Interrupting SendWorker
2015-07-29 19:22:33,313 Connection broken
2015-07-29 19:22:33,513 Interrupted while
2015-07-29 19:22:36,642 Send worker
2015-07-29 19:22:36,659 Interrupted while
2015-07-29 19:22:43,421 Send worker
2015-07-29 19:22:43,536 Connection broken
2015-07-29 19:22:46,680 Interrupted while
2015-07-29 19:22:50,025 Interrupted while
2015-07-29 19:22:53,441 Interrupted while
2015-07-29 19:22:53,462 Connection broken
2015-07-29 19:22:56,689 Interrupting SendWorker
2015-07-29 19:22:56,892 Connection broken
2015-07-29 19:23:00,124 Connection broken
2015-07-29 19:23:00,131 Interrupting SendWorker
2015-07-29 19:23:03,387 Interrupting SendWorker
2015-07-29 19:23:03,464 Interrupting SendWorker
2015-07-29 19:23:03,590 Send worker
2015-07-29 19:23:06,729 Interrupting SendWorker
2015-07-29 19:23:13,491 Interrupting SendWorker
2015-07-29 19:23:13,596 Connection broken
2015-07-29 19:23:16,755 Send worker
2015-07-29 19:23:16,937 Interrupting SendWorker
2015-07-29 19:23:20,095 Interrupted while
2015-07-29 19:23:20,173 Send worker
2015-07-29 19:23:20,278 Interrupting SendWorker
2015-07-29 19:23:23,518 Interrupted while
2015-07-29 19:23:26,760 Connection broken
2015-07-29 19:23:26,979 Connection broken
2015-07-29 19:23:30,116 Interrupted while
2015-07-29 19:23:30,320 Interrupting SendWorker
2015-07-29 19:23:33,457 Connection broken
2015-07-29 19:23:33,553 Interrupting SendWorker
2015-07-29 19:23:36,783 Connection broken
2015-07-29 19:23:40,140 Interrupted while
2015-07-29 19:23:46,830 Interrupting SendWorker
2015-07-29 19:23:46,917 Send worker
2015-07-29 19:23:50,171 Connection broken
2015-07-29 19:23:56,838 Interrupting SendWorker
2015-07-29 19:23:56,851 Interrupted while
2015-07-29 19:24:00,386 Connection broken
2015-07-29 19:24:03,616 Interrupted while
2015-07-29 19:24:03,725 Interrupting SendWorker
2015-07-29 19:24:07,062 Send worker
2015-07-29 19:24:10,216 Interrupted while
2015-07-29 19:24:13,542 Interrupting SendWorker
2015-07-29 19:24:16,883 Send worker
2015-07-29 19:24:16,987 Send worker
2015-07-29 19:24:20,217 Interrupting SendWorker
2015-07-29 19:24:20,413 Send worker
2015-07-29 19:24:20,431 Send worker
2015-07-29 19:24:23,574 Connection broken
2015-07-29 19:24:23,578 Interrupted while
2015-07-29 19:24:30,451 Interrupted while
2015-07-29 19:24:36,927 Connection broken
2015-07-29 19:24:37,012 Interrupting SendWorker
2015-07-29 19:24:40,383 Connection broken
2015-07-29 19:24:43,814 Connection broken
2015-07-29 19:24:50,301 Interrupted while
2015-07-29 19:24:50,374 Send worker
2015-07-29 19:24:57,160 Connection broken
2015-07-29 19:24:57,175 Connection broken
2015-07-29 19:25:03,663 Send worker
2015-07-29 19:25:03,744 Send worker
2015-07-29 19:25:07,003 Interrupting SendWorker
2015-07-29 19:25:07,079 Send worker
2015-07-29 19:25:07,102 Interrupting SendWorker
2015-07-29 19:25:10,539 Send worker
2015-07-29 19:25:13,695 Interrupting SendWorker
2015-07-29 19:25:13,874 Send worker
2015-07-29 19:25:17,021 Send worker
2015-07-29 19:25:17,124 Interrupted while
2015-07-29 19:25:23,702 Interrupted while
2015-07-29 19:25:23,811 Connection broken
2015-07-29 19:25:27,058 Connection broken
2015-07-29 19:25:27,242 Interrupting SendWorker
2015-07-29 19:25:30,571 Interrupting SendWorker
2015-07-29 19:25:33,833 Connection broken
2015-07-29 19:25:33,923 Connection broken
2015-07-29 19:25:37,065 Connection broken
2015-07-29 19:25:37,259 Interrupting SendWorker
2015-07-29 19:25:40,600 Send worker
2015-07-29 19:25:43,751 Interrupted while
2015-07-29 19:25:47,102 Interrupting SendWorker
2015-07-29 19:25:47,195 Interrupted while
2015-07-29 19:25:50,507 Interrupted while
2015-07-29 19:25:50,537 Send worker
2015-07-29 19:25:50,615 Interrupted while
2015-07-29 19:27:58,407 Interrupted while
2015-07-29 19:28:05,197 Connection broken
2015-07-29 19:28:12,190 Interrupting SendWorker
2015-07-29 19:28:15,221 Interrupting SendWorker
2015-07-29 19:28:18,656 Interrupted while
2015-07-29 19:28:18,661 Interrupting SendWorker
2015-07-29 19:28:21,796 Interrupted while
2015-07-29 19:28:21,902 Connection broken
2015-07-29 19:28:21,902 Interrupting SendWorker
2015-07-29 19:28:22,000 Connection broken
2015-07-29 19:28:31,823 Connection broken
2015-07-29 19:28:35,160 Send worker
2015-07-29 19:28:38,704 Interrupted while
2015-07-29 19:28:41,841 Interrupting SendWorker
2015-07-29 19:28:42,254 Connection broken
2015-07-29 19:28:55,309 Interrupted while
2015-07-29 19:29:08,571 Send worker
2015-07-29 19:29:08,669 Interrupted while
2015-07-29 19:29:08,670 Send worker
2015-07-29 19:29:08,671 Interrupting SendWorker
2015-07-29 19:29:12,009 Interrupted while
2015-07-29 19:29:12,115 Send worker
2015-07-29 19:29:12,115 Interrupting SendWorker
2015-07-29 19:29:12,116 Interrupted while
2015-07-29 19:29:15,349 Interrupting SendWorker
2015-07-29 19:29:15,349 Send worker
2015-07-29 19:29:15,353 Interrupted while
2015-07-29 19:29:18,798 Send worker
2015-07-29 19:29:21,933 Interrupting SendWorker
2015-07-29 19:29:22,033 Send worker
2015-07-29 19:29:22,136 Interrupting SendWorker
2015-07-29 19:29:22,340 Send worker
2015-07-29 19:29:25,274 Send worker
2015-07-29 19:29:28,612 Interrupting SendWorker
2015-07-29 19:29:28,820 Interrupted while
2015-07-29 19:29:29,020 Connection broken
2015-07-29 19:29:32,056 Send worker
2015-07-29 19:29:38,840 Interrupted while
2015-07-29 19:29:38,841 Interrupted while
2015-07-29 19:29:38,843 Send worker
2015-07-29 19:29:42,070 Interrupted while
2015-07-29 19:29:42,075 Connection broken
2015-07-29 19:29:45,414 Interrupting SendWorker
2015-07-29 19:29:45,522 Interrupting SendWorker
2015-07-29 19:29:52,202 Connection broken
2015-07-29 19:29:55,545 Interrupted while
2015-07-29 19:29:58,673 Send worker
2015-07-29 19:29:58,774 Interrupted while
2015-07-29 19:29:58,778 Connection broken
2015-07-29 19:29:58,779 Send worker
2015-07-29 19:29:58,884 Interrupted while
2015-07-29 19:30:05,458 Send worker
2015-07-29 19:30:08,802 Connection broken
2015-07-29 19:30:12,246 Interrupted while
2015-07-29 19:30:15,382 Interrupted while
2015-07-29 19:30:18,723 Connection broken
2015-07-29 19:30:22,162 Send worker
2015-07-29 19:30:25,405 Interrupting SendWorker
2015-07-29 19:30:25,608 Connection broken
2015-07-29 19:30:25,608 Interrupting SendWorker
2015-07-29 19:30:25,609 Interrupting SendWorker
2015-07-29 19:30:35,630 Interrupted while
2015-07-29 19:30:38,760 Interrupting SendWorker
2015-07-29 19:30:42,315 Interrupted while
2015-07-29 19:30:42,315 Send worker
2015-07-29 19:30:45,653 Interrupting SendWorker
2015-07-29 19:30:48,785 Send worker
2015-07-29 19:30:48,883 Connection broken
2015-07-29 19:30:48,997 Send worker
2015-07-29 19:30:59,011 Connection broken
2015-07-29 19:31:02,142 Connection broken
2015-07-29 19:31:02,243 Interrupting SendWorker
2015-07-29 19:31:02,243 Interrupted while
2015-07-29 19:31:02,352 Send worker
2015-07-29 19:31:02,353 Interrupting SendWorker
2015-07-29 19:31:05,483 Connection broken
2015-07-29 19:31:05,583 Interrupted while
2015-07-29 19:31:08,823 Send worker
2015-07-29 19:31:15,504 Interrupting SendWorker
2015-07-29 19:31:32,214 Interrupting SendWorker
2015-07-29 19:31:32,214 Interrupted while
2015-07-29 19:31:32,420 Send worker
2015-07-29 19:31:35,546 Connection broken
2015-07-29 19:31:35,760 Interrupted while
2015-07-29 19:31:39,093 Connection broken
2015-07-29 19:31:45,780 Interrupted while
2015-07-29 19:31:49,006 Send worker
2015-07-29 19:31:49,116 Send worker
2015-07-29 19:31:49,117 Interrupted while
2015-07-29 19:31:52,349 Connection broken
2015-07-29 19:31:52,456 Connection broken
2015-07-29 19:31:52,456 Send worker
2015-07-29 19:31:55,588 Interrupting SendWorker
2015-07-29 19:31:55,592 Connection broken
2015-07-29 19:31:55,805 Interrupted while
2015-07-29 19:31:58,932 Connection broken
2015-07-29 19:31:59,141 Interrupted while
2015-07-29 19:32:02,269 Interrupting SendWorker
2015-07-29 19:32:02,363 Interrupting SendWorker
2015-07-29 19:32:02,367 Send worker
2015-07-29 19:32:05,705 Send worker
2015-07-29 19:32:08,955 Send worker
2015-07-29 19:32:09,163 Connection broken
2015-07-29 19:32:12,495 Interrupted while
2015-07-29 19:32:15,845 Interrupted while
2015-07-29 19:32:18,976 Send worker
2015-07-29 19:32:22,405 Connection broken
2015-07-29 19:32:22,525 Connection broken
2015-07-29 19:32:25,653 Interrupted while
2015-07-29 19:32:25,748 Connection broken
2015-07-29 19:32:29,085 Interrupting SendWorker
2015-07-29 19:32:32,336 Interrupted while
2015-07-29 19:32:32,428 Interrupted while
2015-07-29 19:32:35,678 Connection broken
2015-07-29 19:32:39,216 Connection broken
2015-07-29 19:32:42,355 Interrupted while
2015-07-29 19:32:42,357 Interrupting SendWorker
2015-07-29 19:32:42,443 Interrupting SendWorker
2015-07-29 19:32:42,557 Send worker
2015-07-29 19:32:49,036 Interrupted while
2015-07-29 19:32:49,237 Connection broken
2015-07-29 19:32:52,469 Connection broken
2015-07-29 19:33:02,398 Interrupted while
2015-07-29 19:33:02,597 Interrupted while
2015-07-29 19:33:05,829 Connection broken
2015-07-29 19:33:09,080 Connection broken
2015-07-29 19:33:09,170 Send worker
2015-07-29 19:33:12,618 Interrupted while
2015-07-29 19:33:12,627 Interrupting SendWorker
2015-07-29 19:33:13,728 Send worker
2015-07-29 19:33:15,851 Connection broken
2015-07-29 19:33:15,853 Send worker
2015-07-29 19:33:15,963 Connection broken
2015-07-29 19:33:19,190 Send worker
2015-07-29 19:33:19,298 Interrupted while
2015-07-29 19:33:22,441 Send worker
2015-07-29 19:33:23,749 Connection broken
2015-07-29 19:33:25,872 Interrupting SendWorker
2015-07-29 19:33:25,873 Interrupted while
2015-07-29 19:33:29,118 Connection broken
2015-07-29 19:33:29,212 Interrupting SendWorker
2015-07-29 19:33:29,326 Send worker
2015-07-29 19:33:32,459 Interrupting SendWorker
2015-07-29 19:33:32,552 Connection broken
2015-07-29 19:33:35,800 Interrupted while
2015-07-29 19:33:35,894 Connection broken
2015-07-29 19:33:39,140 Interrupting SendWorker
2015-07-29 19:33:39,344 Interrupting SendWorker
2015-07-29 19:33:42,574 Interrupting SendWorker
2015-07-29 19:33:42,678 Connection broken
2015-07-29 19:33:42,688 Interrupted while
2015-07-29 19:33:45,916 Interrupted while
2015-07-29 19:33:46,025 Send worker
2015-07-29 19:33:46,026 Interrupting SendWorker
2015-07-29 19:33:49,162 Interrupting SendWorker
2015-07-29 19:33:52,594 Interrupted while
2015-07-29 19:33:55,843 Interrupting SendWorker
2015-07-29 19:33:55,844 Send worker
2015-07-29 19:33:55,935 Interrupting SendWorker
2015-07-29 19:33:59,385 Interrupting SendWorker
2015-07-29 19:34:02,725 Interrupted while
2015-07-29 19:34:05,861 Connection broken
2015-07-29 19:34:05,863 Connection broken
2015-07-29 19:34:05,958 Connection broken
2015-07-29 19:34:06,067 Send worker
2015-07-29 19:34:09,294 Interrupted while
2015-07-29 19:34:09,294 Connection broken
2015-07-29 19:34:09,295 Connection broken
2015-07-29 19:34:12,634 Interrupting SendWorker
2015-07-29 19:34:12,742 Send worker
2015-07-29 19:34:12,747 Interrupted while
2015-07-29 19:34:15,884 Send worker
2015-07-29 19:34:15,884 Send worker
2015-07-29 19:34:16,089 Send worker
2015-07-29 19:34:26,102 Send worker
2015-07-29 19:34:29,246 Send worker
2015-07-29 19:34:29,447 Connection broken
2015-07-29 19:34:32,782 Interrupting SendWorker
2015-07-29 19:34:39,358 Connection broken
2015-07-29 19:34:42,809 Interrupting SendWorker
2015-07-29 19:34:46,038 Interrupting SendWorker
2015-07-29 19:34:46,038 Interrupted while
2015-07-29 19:34:49,487 Interrupted while
2015-07-29 19:35:02,651 Connection broken
2015-07-29 19:35:02,846 Interrupting SendWorker
2015-07-29 19:35:05,992 Interrupted while
2015-07-29 19:35:06,078 Send worker
2015-07-29 19:35:09,326 Connection broken
2015-07-29 19:35:16,098 Send worker
2015-07-29 19:35:16,207 Interrupted while
2015-07-29 19:35:19,443 Connection broken
2015-07-29 19:35:22,888 Connection broken
2015-07-29 19:35:29,368 Send worker
2015-07-29 19:35:29,372 Interrupted while
2015-07-29 19:35:29,458 Interrupting SendWorker
2015-07-29 19:35:36,142 Connection broken
2015-07-29 19:35:49,417 Interrupted while
2015-07-29 19:35:49,417 Send worker
2015-07-29 19:35:52,756 Connection broken
2015-07-29 19:35:52,842 Interrupted while
2015-07-29 19:35:56,178 Interrupting SendWorker
2015-07-29 19:35:56,180 Send worker
2015-07-29 19:36:06,119 Interrupted while
2015-07-29 19:36:09,456 Send worker
2015-07-29 19:36:09,645 Interrupting SendWorker
2015-07-29 19:36:16,136 Interrupting SendWorker
2015-07-29 19:36:16,221 Interrupted while
2015-07-29 19:36:16,331 Interrupted while
2015-07-29 19:36:16,334 Interrupted while
2015-07-29 19:36:19,480 Send worker
2015-07-29 19:36:22,816 Connection broken
2015-07-29 19:36:22,901 Send worker
2015-07-29 19:36:22,902 Connection broken
2015-07-29 19:36:26,155 Interrupting SendWorker
2015-07-29 19:36:26,156 Interrupting SendWorker
2015-07-29 19:36:26,157 Send worker
2015-07-29 19:36:29,686 Connection broken
2015-07-29 19:36:32,920 Send worker
2015-07-29 19:36:33,030 Connection broken
2015-07-29 19:36:36,370 Interrupted while
2015-07-29 19:36:39,516 Interrupted while
2015-07-29 19:36:39,597 Send worker
2015-07-29 19:36:42,859 Connection broken
2015-07-29 19:36:42,939 Connection broken
2015-07-29 19:36:43,054 Interrupted while
2015-07-29 19:36:49,620 Send worker
2015-07-29 19:36:49,623 Interrupted while
2015-07-29 19:36:52,879 Connection broken
2015-07-29 19:36:56,220 Interrupted while
2015-07-29 19:36:56,303 Connection broken
2015-07-29 19:37:02,901 Interrupted while
2015-07-29 19:37:09,774 Connection broken
2015-07-29 19:37:12,919 Interrupted while
2015-07-29 19:37:13,114 Interrupting SendWorker
2015-07-29 19:37:19,676 Interrupting SendWorker
2015-07-29 19:52:05,118 caught end
2015-07-29 19:04:30,989 ******* GOODBYE
2015-07-29 19:13:46,128 ******* GOODBYE
2015-07-29 19:14:06,236 ******* GOODBYE
2015-07-29 19:14:46,264 ******* GOODBYE
2015-07-29 19:14:56,371 ******* GOODBYE
2015-07-29 19:15:56,423 ******* GOODBYE
2015-07-29 19:16:06,243 ******* GOODBYE
2015-07-29 19:16:06,336 ******* GOODBYE
2015-07-29 19:16:16,339 ******* GOODBYE
2015-07-29 19:16:26,268 ******* GOODBYE
2015-07-29 19:17:56,522 ******* GOODBYE
2015-07-29 19:18:26,565 ******* GOODBYE
2015-07-29 19:18:56,377 ******* GOODBYE
2015-07-29 19:18:56,457 ******* GOODBYE
2015-07-29 19:20:16,794 ******* GOODBYE
2015-07-29 19:20:56,608 ******* GOODBYE
2015-07-29 19:21:16,619 ******* GOODBYE
2015-07-29 19:21:16,835 ******* GOODBYE
2015-07-29 19:21:31,738 Interrupting SendWorker
2015-07-29 19:21:35,084 Connection broken
2015-07-29 19:21:35,292 Interrupting SendWorker
2015-07-29 19:21:38,426 Connection broken
2015-07-29 19:21:38,626 Connection broken
2015-07-29 19:21:41,969 Interrupting SendWorker
2015-07-29 19:21:41,976 Interrupting SendWorker
2015-07-29 19:21:41,976 Interrupted while
2015-07-29 19:21:45,107 Send worker
2015-07-29 19:21:45,109 Send worker
2015-07-29 19:21:48,542 Interrupting SendWorker
2015-07-29 19:21:48,545 Interrupted while
2015-07-29 19:21:51,887 Send worker
2015-07-29 19:21:52,000 Connection broken
2015-07-29 19:21:58,680 Interrupting SendWorker
2015-07-29 19:22:01,826 Send worker
2015-07-29 19:22:05,161 Interrupting SendWorker
2015-07-29 19:22:05,251 Connection broken
2015-07-29 19:22:08,591 Send worker
2015-07-29 19:22:08,701 Connection broken
2015-07-29 19:22:15,277 Connection broken
2015-07-29 19:22:18,520 Interrupted while
2015-07-29 19:22:18,628 Connection broken
2015-07-29 19:22:21,958 Interrupting SendWorker
2015-07-29 19:22:25,295 Interrupting SendWorker
2015-07-29 19:22:28,748 Connection broken
2015-07-29 19:22:28,749 Send worker
2015-07-29 19:22:42,000 Interrupting SendWorker
2015-07-29 19:22:55,364 Connection broken
2015-07-29 19:22:58,628 Interrupted while
2015-07-29 19:22:58,710 Connection broken
2015-07-29 19:22:58,818 Connection broken
2015-07-29 19:22:58,824 Send worker
2015-07-29 19:23:01,969 Connection broken
2015-07-29 19:23:01,977 Connection broken
2015-07-29 19:23:05,500 Interrupted while
2015-07-29 19:23:08,841 Interrupting SendWorker
2015-07-29 19:23:12,078 Connection broken
2015-07-29 19:23:12,182 Interrupted while
2015-07-29 19:23:15,435 Interrupted while
2015-07-29 19:23:18,864 Interrupting SendWorker
2015-07-29 19:23:22,092 Interrupted while
2015-07-29 19:23:25,440 Interrupted while
2015-07-29 19:23:25,546 Interrupting SendWorker
2015-07-29 19:23:28,902 Interrupted while
2015-07-29 19:23:32,242 Interrupted while
2015-07-29 19:23:38,924 Send worker
2015-07-29 19:23:42,263 Interrupted while
2015-07-29 19:23:45,608 Interrupting SendWorker
2015-07-29 19:23:48,744 Interrupted while
2015-07-29 19:23:48,819 Connection broken
2015-07-29 19:23:48,945 Interrupting SendWorker
2015-07-29 19:23:52,080 Interrupting SendWorker
2015-07-29 19:23:52,094 Interrupted while
2015-07-29 19:23:52,167 Send worker
2015-07-29 19:23:52,285 Interrupted while
2015-07-29 19:23:55,508 Interrupting SendWorker
2015-07-29 19:24:02,100 Interrupted while
2015-07-29 19:24:05,463 Connection broken
2015-07-29 19:24:05,530 Interrupting SendWorker
2015-07-29 19:24:08,884 Interrupted while
2015-07-29 19:24:12,123 Interrupted while
2015-07-29 19:24:12,331 Connection broken
2015-07-29 19:24:12,334 Send worker
2015-07-29 19:24:19,011 Send worker
2015-07-29 19:24:22,234 Interrupted while
2015-07-29 19:24:25,681 Send worker
2015-07-29 19:24:28,942 Interrupting SendWorker
2015-07-29 19:24:29,022 Send worker
2015-07-29 19:24:35,596 Connection broken
2015-07-29 19:24:35,703 Interrupting SendWorker
2015-07-29 19:24:42,397 Interrupting SendWorker
2015-07-29 19:24:45,647 Send worker
2015-07-29 19:24:48,888 Connection broken
2015-07-29 19:24:48,958 Connection broken
2015-07-29 19:24:52,310 Interrupted while
2015-07-29 19:24:52,417 Send worker
2015-07-29 19:24:55,570 Interrupted while
2015-07-29 19:24:55,669 Send worker
2015-07-29 19:24:58,991 Interrupting SendWorker
2015-07-29 19:25:02,441 Interrupting SendWorker
2015-07-29 19:25:02,441 Interrupted while
2015-07-29 19:25:05,783 Connection broken
2015-07-29 19:25:09,110 Connection broken
2015-07-29 19:25:09,122 Connection broken
2015-07-29 19:25:12,262 Interrupted while
2015-07-29 19:25:15,614 Connection broken
2015-07-29 19:25:15,695 Interrupting SendWorker
2015-07-29 19:25:15,711 Interrupting SendWorker
2015-07-29 19:25:15,802 Connection broken
2015-07-29 19:25:15,803 Interrupting SendWorker
2015-07-29 19:25:19,035 Interrupting SendWorker
2015-07-29 19:25:25,630 Interrupting SendWorker
2015-07-29 19:25:29,074 Interrupted while
2015-07-29 19:25:29,166 Interrupting SendWorker
2015-07-29 19:25:32,505 Send worker
2015-07-29 19:25:39,079 Connection broken
2015-07-29 19:25:39,080 Send worker
2015-07-29 19:25:39,188 Connection broken
2015-07-29 19:25:42,340 Send worker
2015-07-29 19:25:49,016 Send worker
2015-07-29 19:25:49,027 Interrupted while
2015-07-29 19:26:04,443 Send worker
2015-07-29 19:26:07,781 Interrupting SendWorker
2015-07-29 19:26:07,890 Send worker
2015-07-29 19:26:14,363 Send worker
2015-07-29 19:26:14,459 Connection broken
2015-07-29 19:26:17,801 Send worker
2015-07-29 19:26:17,908 Interrupting SendWorker
2015-07-29 19:26:21,040 Send worker
2015-07-29 19:26:24,383 Connection broken
2015-07-29 19:26:44,416 Send worker
2015-07-29 19:26:44,418 Send worker
2015-07-29 19:26:51,304 Connection broken
2015-07-29 19:26:54,437 Connection broken
2015-07-29 19:26:54,644 Interrupting SendWorker
2015-07-29 19:26:57,772 Connection broken
2015-07-29 19:26:57,875 Send worker
2015-07-29 19:26:57,983 Send worker
2015-07-29 19:27:01,216 Interrupting SendWorker
2015-07-29 19:27:01,320 Connection broken
2015-07-29 19:27:04,552 Interrupted while
2015-07-29 19:27:08,001 Interrupted while
2015-07-29 19:27:09,111 Send worker
2015-07-29 19:27:17,809 Interrupting SendWorker
2015-07-29 19:27:18,022 Send worker
2015-07-29 19:27:21,149 Interrupting SendWorker
2015-07-29 19:27:21,250 Connection broken
2015-07-29 19:27:24,498 Interrupted while
2015-07-29 19:27:27,836 Connection broken
2015-07-29 19:27:27,838 Send worker
2015-07-29 19:27:27,927 Interrupted while
2015-07-29 19:27:32,489 Interrupted while
2015-07-29 19:28:07,021 Send worker
2015-07-29 19:28:07,225 Interrupted while
2015-07-29 19:28:10,465 Interrupted while
2015-07-29 19:28:13,703 Interrupting SendWorker
2015-07-29 19:28:17,044 Interrupted while
2015-07-29 19:28:20,797 Send worker
2015-07-29 19:28:23,724 Interrupted while
2015-07-29 19:28:23,927 Send worker
2015-07-29 19:28:24,137 Connection broken
2015-07-29 19:28:27,063 Connection broken
2015-07-29 19:28:27,167 Interrupting SendWorker
2015-07-29 19:28:27,170 Interrupted while
2015-07-29 19:28:30,509 Send worker
2015-07-29 19:28:30,511 Interrupted while
2015-07-29 19:28:33,951 Send worker
2015-07-29 19:28:40,426 Connection broken
2015-07-29 19:28:40,533 Send worker
2015-07-29 19:28:43,772 Connection broken
2015-07-29 19:28:47,314 Connection broken
2015-07-29 19:28:47,520 Connection broken
2015-07-29 19:28:53,993 Connection broken
2015-07-29 19:28:57,235 Interrupted while
2015-07-29 19:28:57,236 Interrupting SendWorker
2015-07-29 19:29:03,812 Interrupted while
2015-07-29 19:29:03,816 Interrupting SendWorker
2015-07-29 19:29:04,018 Send worker
2015-07-29 19:29:04,027 Send worker
2015-07-29 19:29:10,495 Send worker
2015-07-29 19:29:10,701 Interrupted while
2015-07-29 19:29:17,382 Interrupting SendWorker
2015-07-29 19:29:17,388 Interrupting SendWorker
2015-07-29 19:29:23,859 Interrupted while
2015-07-29 19:29:23,959 Send worker
2015-07-29 19:29:23,962 Interrupting SendWorker
2015-07-29 19:29:27,198 Connection broken
2015-07-29 19:29:27,299 Interrupted while
2015-07-29 19:29:30,540 Connection broken
2015-07-29 19:29:30,639 Interrupting SendWorker
2015-07-29 19:29:37,321 Interrupted while
2015-07-29 19:29:40,559 Interrupted while
2015-07-29 19:29:40,562 Interrupted while
2015-07-29 19:29:40,566 Connection broken
2015-07-29 19:29:44,109 Connection broken
2015-07-29 19:29:44,110 Interrupted while
2015-07-29 19:29:47,343 Send worker
2015-07-29 19:29:50,793 Send worker
2015-07-29 19:29:54,022 Send worker
2015-07-29 19:29:54,133 Interrupting SendWorker
2015-07-29 19:29:54,134 Interrupting SendWorker
2015-07-29 19:29:57,472 Interrupting SendWorker
2015-07-29 19:29:57,473 Connection broken
2015-07-29 19:29:57,474 Interrupting SendWorker
2015-07-29 19:30:00,813 Interrupted while
2015-07-29 19:30:00,814 Send worker
2015-07-29 19:30:04,154 Connection broken
2015-07-29 19:30:07,289 Send worker
2015-07-29 19:30:10,728 Send worker
2015-07-29 19:30:10,729 Send worker
2015-07-29 19:30:13,966 Interrupting SendWorker
2015-07-29 19:30:20,650 Interrupted while
2015-07-29 19:30:20,748 Interrupted while
2015-07-29 19:30:20,857 Interrupting SendWorker
2015-07-29 19:30:23,989 Connection broken
2015-07-29 19:30:23,995 Interrupting SendWorker
2015-07-29 19:30:34,221 Connection broken
2015-07-29 19:30:37,451 Send worker
2015-07-29 19:30:37,451 Interrupting SendWorker
2015-07-29 19:30:40,692 Connection broken
2015-07-29 19:30:47,372 Send worker
2015-07-29 19:30:47,582 Interrupting SendWorker
2015-07-29 19:30:50,712 Interrupted while
2015-07-29 19:30:54,053 Interrupting SendWorker
2015-07-29 19:30:54,151 Connection broken
2015-07-29 19:30:57,394 Connection broken
2015-07-29 19:30:57,395 Send worker
2015-07-29 19:30:57,492 Interrupting SendWorker
2015-07-29 19:31:00,739 Send worker
2015-07-29 19:31:00,945 Connection broken
2015-07-29 19:31:07,513 Interrupting SendWorker
2015-07-29 19:31:14,096 Send worker
2015-07-29 19:31:14,103 Interrupted while
2015-07-29 19:31:17,437 Connection broken
2015-07-29 19:31:20,785 Interrupting SendWorker
2015-07-29 19:31:27,554 Interrupted while
2015-07-29 19:31:27,555 Send worker
2015-07-29 19:31:27,555 Connection broken
2015-07-29 19:31:27,667 Interrupting SendWorker
2015-07-29 19:31:30,892 Connection broken
2015-07-29 19:31:34,139 Send worker
2015-07-29 19:31:34,233 Interrupted while
2015-07-29 19:31:41,026 Interrupting SendWorker
2015-07-29 19:31:44,257 Interrupted while
2015-07-29 19:31:50,937 Send worker
2015-07-29 19:31:51,046 Interrupting SendWorker
2015-07-29 19:31:51,049 Send worker
2015-07-29 19:31:54,184 Connection broken
2015-07-29 19:31:57,617 Interrupted while
2015-07-29 19:32:00,861 Interrupting SendWorker
2015-07-29 19:32:07,543 Interrupted while
2015-07-29 19:32:07,546 Interrupting SendWorker
2015-07-29 19:32:11,091 Connection broken
2015-07-29 19:32:14,227 Interrupting SendWorker
2015-07-29 19:32:14,431 Interrupting SendWorker
2015-07-29 19:32:17,565 Interrupting SendWorker
2015-07-29 19:32:17,777 Interrupting SendWorker
2015-07-29 19:32:20,906 Connection broken
2015-07-29 19:32:21,114 Send worker
2015-07-29 19:32:24,338 Connection broken
2015-07-29 19:32:24,454 Interrupted while
2015-07-29 19:32:27,586 Interrupting SendWorker
2015-07-29 19:32:27,586 Interrupted while
2015-07-29 19:32:27,588 Connection broken
2015-07-29 19:32:31,017 Interrupting SendWorker
2015-07-29 19:32:31,018 Connection broken
2015-07-29 19:32:34,356 Interrupted while
2015-07-29 19:32:37,607 Send worker
2015-07-29 19:32:40,947 Interrupting SendWorker
2015-07-29 19:32:40,948 Connection broken
2015-07-29 19:32:41,038 Send worker
2015-07-29 19:32:41,149 Interrupted while
2015-07-29 19:32:41,155 Interrupted while
2015-07-29 19:32:44,493 Interrupted while
2015-07-29 19:32:44,498 Interrupted while
2015-07-29 19:32:50,969 Connection broken
2015-07-29 19:32:50,970 Interrupting SendWorker
2015-07-29 19:32:51,176 Send worker
2015-07-29 19:32:54,397 Interrupted while
2015-07-29 19:32:54,510 Send worker
2015-07-29 19:32:54,515 Interrupted while
2015-07-29 19:33:01,198 Connection broken
2015-07-29 19:33:07,757 Connection broken
2015-07-29 19:33:08,980 Send worker
2015-07-29 19:33:11,011 Interrupted while
2015-07-29 19:33:11,012 Connection broken
2015-07-29 19:33:11,219 Interrupted while
2015-07-29 19:33:14,438 Send worker
2015-07-29 19:33:14,554 Interrupted while
2015-07-29 19:33:21,031 Interrupted while
2015-07-29 19:33:21,034 Interrupted while
2015-07-29 19:33:21,121 Interrupting SendWorker
2015-07-29 19:33:21,122 Send worker
2015-07-29 19:33:24,375 Interrupted while
2015-07-29 19:33:31,054 Interrupted while
2015-07-29 19:33:31,146 Send worker
2015-07-29 19:33:31,147 Send worker
2015-07-29 19:33:37,733 Connection broken
2015-07-29 19:33:37,931 Interrupted while
2015-07-29 19:33:44,413 Send worker
2015-07-29 19:33:44,508 Interrupting SendWorker
2015-07-29 19:33:47,846 Interrupting SendWorker
2015-07-29 19:33:51,095 Interrupted while
2015-07-29 19:33:51,295 Connection broken
2015-07-29 19:33:54,435 Send worker
2015-07-29 19:33:54,525 Send worker
2015-07-29 19:33:57,774 Interrupted while
2015-07-29 19:34:01,116 Interrupted while
2015-07-29 19:34:04,656 Interrupting SendWorker
2015-07-29 19:34:07,797 Interrupting SendWorker
2015-07-29 19:34:07,889 Interrupted while
2015-07-29 19:34:07,996 Send worker
2015-07-29 19:34:17,817 Interrupted while
2015-07-29 19:34:17,908 Connection broken
2015-07-29 19:34:18,016 Connection broken
2015-07-29 19:34:21,249 Send worker
2015-07-29 19:34:24,497 Connection broken
2015-07-29 19:34:24,697 Interrupting SendWorker
2015-07-29 19:34:24,698 Connection broken
2015-07-29 19:34:24,699 Send worker
2015-07-29 19:34:27,838 Interrupting SendWorker
2015-07-29 19:34:27,928 Interrupting SendWorker
2015-07-29 19:34:28,037 Send worker
2015-07-29 19:34:31,382 Interrupted while
2015-07-29 19:34:34,610 Connection broken
2015-07-29 19:34:34,723 Interrupted while
2015-07-29 19:34:35,197 Connection broken
2015-07-29 19:34:37,858 Connection broken
2015-07-29 19:34:37,859 Send worker
2015-07-29 19:34:41,198 Interrupted while
2015-07-29 19:34:44,628 Connection broken
2015-07-29 19:34:44,742 Interrupting SendWorker
2015-07-29 19:34:47,879 Connection broken
2015-07-29 19:34:54,565 Interrupted while
2015-07-29 19:34:54,649 Interrupting SendWorker
2015-07-29 19:34:54,649 Interrupted while
2015-07-29 19:35:01,244 Connection broken
2015-07-29 19:35:04,781 Send worker
2015-07-29 19:35:08,008 Connection broken
2015-07-29 19:35:11,348 Connection broken
2015-07-29 19:35:11,352 Interrupted while
2015-07-29 19:35:11,461 Connection broken
2015-07-29 19:35:14,605 Send worker
2015-07-29 19:35:14,606 Connection broken
2015-07-29 19:35:14,692 Send worker
2015-07-29 19:35:14,798 Send worker
2015-07-29 19:35:14,802 Connection broken
2015-07-29 19:35:17,946 Interrupting SendWorker
2015-07-29 19:35:18,136 Interrupting SendWorker
2015-07-29 19:35:24,626 Connection broken
2015-07-29 19:35:24,818 Interrupted while
2015-07-29 19:35:24,822 Interrupting SendWorker
2015-07-29 19:35:28,049 Interrupted while
2015-07-29 19:35:28,160 Send worker
2015-07-29 19:35:28,162 Interrupted while
2015-07-29 19:35:31,307 Interrupting SendWorker
2015-07-29 19:35:31,389 Connection broken
2015-07-29 19:35:34,731 Connection broken
2015-07-29 19:35:34,735 Send worker
2015-07-29 19:35:34,839 Interrupted while
2015-07-29 19:35:34,842 Interrupted while
2015-07-29 19:35:41,328 Interrupting SendWorker
2015-07-29 19:35:41,411 Send worker
2015-07-29 19:35:41,523 Send worker
2015-07-29 19:35:44,864 Interrupting SendWorker
2015-07-29 19:35:48,009 Interrupted while
2015-07-29 19:35:48,094 Interrupted while
2015-07-29 19:35:51,543 Connection broken
2015-07-29 19:35:54,885 Interrupted while
2015-07-29 19:36:01,453 Interrupting SendWorker
2015-07-29 19:36:04,906 Interrupting SendWorker
2015-07-29 19:36:18,262 Interrupted while
2015-07-29 19:36:21,414 Send worker
2015-07-29 19:36:21,492 Connection broken
2015-07-29 19:36:21,606 Interrupted while
2015-07-29 19:36:24,752 Interrupting SendWorker
2015-07-29 19:36:24,834 Interrupting SendWorker
2015-07-29 19:36:28,091 Connection broken
2015-07-29 19:36:28,176 Connection broken
2015-07-29 19:36:31,627 Interrupted while
2015-07-29 19:36:34,962 Interrupting SendWorker
2015-07-29 19:36:38,112 Connection broken
2015-07-29 19:36:38,307 Interrupted while
2015-07-29 19:36:44,987 Interrupted while
2015-07-29 19:36:48,327 Send worker
2015-07-29 19:36:51,671 Interrupting SendWorker
2015-07-29 19:36:51,671 Interrupted while
2015-07-29 19:36:54,812 Send worker
2015-07-29 19:36:55,011 Send worker
2015-07-29 19:36:58,153 Interrupting SendWorker
2015-07-29 19:36:58,154 Interrupted while
2015-07-29 19:36:58,342 Connection broken
2015-07-29 19:36:58,343 Interrupted while
2015-07-29 19:37:01,494 Interrupted while
2015-07-29 19:37:05,025 Interrupted while
2015-07-29 19:37:08,362 Send worker
2015-07-29 19:37:15,046 Interrupted while
2015-07-29 19:37:21,538 Send worker
2015-07-29 19:37:21,611 Interrupted while
2015-07-29 19:37:21,726 Connection broken
2015-07-29 19:39:01,170 caught end
2015-07-29 19:53:12,538 Send worker
2015-07-29 19:54:05,544 Connection request
